[debug] ----------------------------------------------------------------------
[debug] Command:      /usr/local/bin/node /usr/local/bin/firebase deploy
[debug] CLI Version:  3.6.1
[debug] Platform:     darwin
[debug] Node Version: v8.0.0
[debug] Time:         Tue Sep 26 2017 13:51:02 GMT+0530 (IST)
[debug] ----------------------------------------------------------------------
[debug] 
[debug] > command requires scopes: ["email","openid","https://www.googleapis.com/auth/cloudplatformprojects.readonly","https://www.googleapis.com/auth/firebase","https://www.googleapis.com/auth/cloud-platform"]
[debug] > refreshing access token with scopes: ["email","https://www.googleapis.com/auth/cloud-platform","https://www.googleapis.com/auth/cloudplatformprojects.readonly","https://www.googleapis.com/auth/firebase","openid"]
[debug] >>> HTTP REQUEST POST https://www.googleapis.com/oauth2/v3/token { refresh_token: '1/N3l958t7ZCTXTuZuH80_jYX9in8bgqo81XL-08FO3Ek',
  client_id: '563584335869-fgrhgmd47bqnekij5i8b5pr03ho849e6.apps.googleusercontent.com',
  client_secret: 'j9iVZfS8kkCEFUPaAeJV0sAi',
  grant_type: 'refresh_token',
  scope: 'email https://www.googleapis.com/auth/cloud-platform https://www.googleapis.com/auth/cloudplatformprojects.readonly https://www.googleapis.com/auth/firebase openid' } 
 Tue Sep 26 2017 13:51:02 GMT+0530 (IST)
[debug] <<< HTTP RESPONSE 200
[debug] >>> HTTP REQUEST GET https://admin.firebase.com/v1/projects/diagnal-7f60b  
 Tue Sep 26 2017 13:51:03 GMT+0530 (IST)
[debug] <<< HTTP RESPONSE 200
[debug] >>> HTTP REQUEST GET https://admin.firebase.com/v1/database/diagnal-7f60b/tokens  
 Tue Sep 26 2017 13:51:04 GMT+0530 (IST)
[debug] <<< HTTP RESPONSE 200
[info] 
[info] === Deploying to 'diagnal-7f60b'...
[info] 
[info] i  deploying database, functions, hosting
[info] ✔  database: rules ready to deploy.
[debug] > [functions] package.json contents: {
  "name": "functions",
  "description": "Cloud Functions for Firebase",
  "dependencies": {
    "firebase-admin": "~4.1.2",
    "firebase-functions": "^0.5"
  },
  "private": true
}
[info] i  functions: ensuring necessary APIs are enabled...
[info] i  runtimeconfig: ensuring necessary APIs are enabled...
[debug] >>> HTTP REQUEST GET https://servicemanagement.googleapis.com/v1/services/cloudfunctions.googleapis.com/projectSettings/diagnal-7f60b?view=CONSUMER_VIEW  
 Tue Sep 26 2017 13:51:08 GMT+0530 (IST)
[debug] >>> HTTP REQUEST GET https://servicemanagement.googleapis.com/v1/services/runtimeconfig.googleapis.com/projectSettings/diagnal-7f60b?view=CONSUMER_VIEW  
 Tue Sep 26 2017 13:51:08 GMT+0530 (IST)
[debug] <<< HTTP RESPONSE 200
[info] ✔  runtimeconfig: all necessary APIs are enabled
[debug] <<< HTTP RESPONSE 200
[info] ✔  functions: all necessary APIs are enabled
[debug] >>> HTTP REQUEST GET https://appengine.googleapis.com/v1/apps/diagnal-7f60b  
 Tue Sep 26 2017 13:51:10 GMT+0530 (IST)
[debug] >>> HTTP REQUEST GET https://apikeys.googleapis.com/v1/projects/diagnal-7f60b/apiKeys  
 Tue Sep 26 2017 13:51:10 GMT+0530 (IST)
[debug] <<< HTTP RESPONSE 200
[debug] <<< HTTP RESPONSE 200
[info] i  functions: preparing functions directory for uploading...
[debug] >>> HTTP REQUEST GET https://runtimeconfig.googleapis.com/v1beta1/projects/diagnal-7f60b/configs  
 Tue Sep 26 2017 13:51:20 GMT+0530 (IST)
[debug] <<< HTTP RESPONSE 200
[debug] > [functions] runtime config materialized as: {
  "firebase": {
    "databaseURL": "https://diagnal-7f60b.firebaseio.com",
    "storageBucket": "diagnal-7f60b.appspot.com",
    "apiKey": "AIzaSyCIHw5ew688IBk460EAZkfdSFGeHEbcznA",
    "authDomain": "diagnal-7f60b.firebaseapp.com"
  }
}
[debug] > [functions] parsed triggers: []
[info] i  hosting: preparing . directory for upload...
